Analysis & Synthesis report for lab3
Thu Nov 06 21:20:50 2025
Quartus II 64-Bit Version 13.0.1 Build 232 06/12/2013 Service Pack 1 SJ Web Edition


---------------------
; Table of Contents ;
---------------------
  1. Legal Notice
  2. Analysis & Synthesis Summary
  3. Analysis & Synthesis Settings
  4. Parallel Compilation
  5. Analysis & Synthesis Source Files Read
  6. Analysis & Synthesis Resource Usage Summary
  7. Analysis & Synthesis Resource Utilization by Entity
  8. Analysis & Synthesis IP Cores Summary
  9. Registers Removed During Synthesis
 10. General Register Statistics
 11. Parameter Settings for User Entity Instance: lpm_constant1:inst26|lpm_constant:LPM_CONSTANT_component
 12. Parameter Settings for User Entity Instance: lpm_constant0:inst18|lpm_constant:LPM_CONSTANT_component
 13. Port Connectivity Checks: "debouncer_2:inst3|enARdFF_2:second"
 14. Port Connectivity Checks: "debouncer_2:inst3|enARdFF_2:first"
 15. Port Connectivity Checks: "fourBitRegister_LoadHoldDec:Timer|enARdFF_2:bit0FF"
 16. Port Connectivity Checks: "fourBitRegister_LoadHoldDec:Timer|enARdFF_2:bit1FF"
 17. Port Connectivity Checks: "fourBitRegister_LoadHoldDec:Timer|enARdFF_2:bit2FF"
 18. Port Connectivity Checks: "fourBitRegister_LoadHoldDec:Timer|enARdFF_2:bit3FF"
 19. Port Connectivity Checks: "fourBitRegister:MSC_max|enARdFF_2:lsb"
 20. Port Connectivity Checks: "fourBitRegister:MSC_max|enARdFF_2:tsb"
 21. Port Connectivity Checks: "fourBitRegister:MSC_max|enARdFF_2:ssb"
 22. Port Connectivity Checks: "fourBitRegister:MSC_max|enARdFF_2:msb"
 23. Port Connectivity Checks: "fourBitRegister_Counter:MS_Counter|enARdFF_2:bit0FF"
 24. Port Connectivity Checks: "fourBitRegister_Counter:MS_Counter|enARdFF_2:bit1FF"
 25. Port Connectivity Checks: "fourBitRegister_Counter:MS_Counter|enARdFF_2:bit2FF"
 26. Port Connectivity Checks: "fourBitRegister_Counter:MS_Counter|enARdFF_2:bit3FF"
 27. Port Connectivity Checks: "fourBitComparator:inst13|oneBitComparator:comp3"
 28. Port Connectivity Checks: "RisingEdge_Detector:inst21|enARdFF_2:EdgeFF"
 29. Port Connectivity Checks: "fsm_controller:inst|enARdFF_2:S3_Q"
 30. Port Connectivity Checks: "fsm_controller:inst|enARdFF_2:S2_Q"
 31. Port Connectivity Checks: "fsm_controller:inst|enARdFF_2:S1_Q"
 32. Port Connectivity Checks: "fsm_controller:inst|enARdFF_2:S0_Q"
 33. Elapsed Time Per Partition
 34. Analysis & Synthesis Messages



----------------
; Legal Notice ;
----------------
Copyright (C) 1991-2013 Altera Corporation
Your use of Altera Corporation's design tools, logic functions 
and other software and tools, and its AMPP partner logic 
functions, and any output files from any of the foregoing 
(including device programming or simulation files), and any 
associated documentation or information are expressly subject 
to the terms and conditions of the Altera Program License 
Subscription Agreement, Altera MegaCore Function License 
Agreement, or other applicable license agreement, including, 
without limitation, that your use is for the sole purpose of 
programming logic devices manufactured by Altera and sold by 
Altera or its authorized distributors.  Please refer to the 
applicable agreement for further details.



+--------------------------------------------------------------------------------------+
; Analysis & Synthesis Summary                                                         ;
+------------------------------------+-------------------------------------------------+
; Analysis & Synthesis Status        ; Successful - Thu Nov 06 21:20:50 2025           ;
; Quartus II 64-Bit Version          ; 13.0.1 Build 232 06/12/2013 SP 1 SJ Web Edition ;
; Revision Name                      ; lab3                                            ;
; Top-level Entity Name              ; trafficLightController                          ;
; Family                             ; Cyclone IV E                                    ;
; Total logic elements               ; 55                                              ;
;     Total combinational functions  ; 47                                              ;
;     Dedicated logic registers      ; 24                                              ;
; Total registers                    ; 24                                              ;
; Total pins                         ; 24                                              ;
; Total virtual pins                 ; 0                                               ;
; Total memory bits                  ; 0                                               ;
; Embedded Multiplier 9-bit elements ; 0                                               ;
; Total PLLs                         ; 0                                               ;
+------------------------------------+-------------------------------------------------+


+--------------------------------------------------------------------------------------------------------------------------+
; Analysis & Synthesis Settings                                                                                            ;
+----------------------------------------------------------------------------+------------------------+--------------------+
; Option                                                                     ; Setting                ; Default Value      ;
+----------------------------------------------------------------------------+------------------------+--------------------+
; Device                                                                     ; EP4CE115F29C7          ;                    ;
; Top-level entity name                                                      ; trafficLightController ; lab3               ;
; Family name                                                                ; Cyclone IV E           ; Cyclone IV GX      ;
; Use smart compilation                                                      ; Off                    ; Off                ;
; Enable parallel Assembler and TimeQuest Timing Analyzer during compilation ; On                     ; On                 ;
; Enable compact report table                                                ; Off                    ; Off                ;
; Restructure Multiplexers                                                   ; Auto                   ; Auto               ;
; Create Debugging Nodes for IP Cores                                        ; Off                    ; Off                ;
; Preserve fewer node names                                                  ; On                     ; On                 ;
; Disable OpenCore Plus hardware evaluation                                  ; Off                    ; Off                ;
; Verilog Version                                                            ; Verilog_2001           ; Verilog_2001       ;
; VHDL Version                                                               ; VHDL_1993              ; VHDL_1993          ;
; State Machine Processing                                                   ; Auto                   ; Auto               ;
; Safe State Machine                                                         ; Off                    ; Off                ;
; Extract Verilog State Machines                                             ; On                     ; On                 ;
; Extract VHDL State Machines                                                ; On                     ; On                 ;
; Ignore Verilog initial constructs                                          ; Off                    ; Off                ;
; Iteration limit for constant Verilog loops                                 ; 5000                   ; 5000               ;
; Iteration limit for non-constant Verilog loops                             ; 250                    ; 250                ;
; Add Pass-Through Logic to Inferred RAMs                                    ; On                     ; On                 ;
; Infer RAMs from Raw Logic                                                  ; On                     ; On                 ;
; Parallel Synthesis                                                         ; On                     ; On                 ;
; DSP Block Balancing                                                        ; Auto                   ; Auto               ;
; NOT Gate Push-Back                                                         ; On                     ; On                 ;
; Power-Up Don't Care                                                        ; On                     ; On                 ;
; Remove Redundant Logic Cells                                               ; Off                    ; Off                ;
; Remove Duplicate Registers                                                 ; On                     ; On                 ;
; Ignore CARRY Buffers                                                       ; Off                    ; Off                ;
; Ignore CASCADE Buffers                                                     ; Off                    ; Off                ;
; Ignore GLOBAL Buffers                                                      ; Off                    ; Off                ;
; Ignore ROW GLOBAL Buffers                                                  ; Off                    ; Off                ;
; Ignore LCELL Buffers                                                       ; Off                    ; Off                ;
; Ignore SOFT Buffers                                                        ; On                     ; On                 ;
; Limit AHDL Integers to 32 Bits                                             ; Off                    ; Off                ;
; Optimization Technique                                                     ; Balanced               ; Balanced           ;
; Carry Chain Length                                                         ; 70                     ; 70                 ;
; Auto Carry Chains                                                          ; On                     ; On                 ;
; Auto Open-Drain Pins                                                       ; On                     ; On                 ;
; Perform WYSIWYG Primitive Resynthesis                                      ; Off                    ; Off                ;
; Auto ROM Replacement                                                       ; On                     ; On                 ;
; Auto RAM Replacement                                                       ; On                     ; On                 ;
; Auto DSP Block Replacement                                                 ; On                     ; On                 ;
; Auto Shift Register Replacement                                            ; Auto                   ; Auto               ;
; Allow Shift Register Merging across Hierarchies                            ; Auto                   ; Auto               ;
; Auto Clock Enable Replacement                                              ; On                     ; On                 ;
; Strict RAM Replacement                                                     ; Off                    ; Off                ;
; Allow Synchronous Control Signals                                          ; On                     ; On                 ;
; Force Use of Synchronous Clear Signals                                     ; Off                    ; Off                ;
; Auto RAM Block Balancing                                                   ; On                     ; On                 ;
; Auto RAM to Logic Cell Conversion                                          ; Off                    ; Off                ;
; Auto Resource Sharing                                                      ; Off                    ; Off                ;
; Allow Any RAM Size For Recognition                                         ; Off                    ; Off                ;
; Allow Any ROM Size For Recognition                                         ; Off                    ; Off                ;
; Allow Any Shift Register Size For Recognition                              ; Off                    ; Off                ;
; Use LogicLock Constraints during Resource Balancing                        ; On                     ; On                 ;
; Ignore translate_off and synthesis_off directives                          ; Off                    ; Off                ;
; Timing-Driven Synthesis                                                    ; On                     ; On                 ;
; Report Parameter Settings                                                  ; On                     ; On                 ;
; Report Source Assignments                                                  ; On                     ; On                 ;
; Report Connectivity Checks                                                 ; On                     ; On                 ;
; Ignore Maximum Fan-Out Assignments                                         ; Off                    ; Off                ;
; Synchronization Register Chain Length                                      ; 2                      ; 2                  ;
; PowerPlay Power Optimization                                               ; Normal compilation     ; Normal compilation ;
; HDL message level                                                          ; Level2                 ; Level2             ;
; Suppress Register Optimization Related Messages                            ; Off                    ; Off                ;
; Number of Removed Registers Reported in Synthesis Report                   ; 5000                   ; 5000               ;
; Number of Swept Nodes Reported in Synthesis Report                         ; 5000                   ; 5000               ;
; Number of Inverted Registers Reported in Synthesis Report                  ; 100                    ; 100                ;
; Clock MUX Protection                                                       ; On                     ; On                 ;
; Auto Gated Clock Conversion                                                ; Off                    ; Off                ;
; Block Design Naming                                                        ; Auto                   ; Auto               ;
; SDC constraint protection                                                  ; Off                    ; Off                ;
; Synthesis Effort                                                           ; Auto                   ; Auto               ;
; Shift Register Replacement - Allow Asynchronous Clear Signal               ; On                     ; On                 ;
; Pre-Mapping Resynthesis Optimization                                       ; Off                    ; Off                ;
; Analysis & Synthesis Message Level                                         ; Medium                 ; Medium             ;
; Disable Register Merging Across Hierarchies                                ; Auto                   ; Auto               ;
; Resource Aware Inference For Block RAM                                     ; On                     ; On                 ;
; Synthesis Seed                                                             ; 1                      ; 1                  ;
+----------------------------------------------------------------------------+------------------------+--------------------+


Parallel compilation was disabled, but you have multiple processors available. Enable parallel compilation to reduce compilation time.
+-------------------------------------+
; Parallel Compilation                ;
+----------------------------+--------+
; Processors                 ; Number ;
+----------------------------+--------+
; Number detected on machine ; 4      ;
; Maximum allowed            ; 1      ;
+----------------------------+--------+


+---------------------------------------------------------------------------------------------------------------------------------------------------------------------------------------------------------------------------------------------------------------------+
; Analysis & Synthesis Source Files Read                                                                                                                                                                                                                              ;
+----------------------------------+-----------------+------------------------------------+-----------------------------------------------------------------------------------------------------------------------------------------------------------------+---------+
; File Name with User-Entered Path ; Used in Netlist ; File Type                          ; File Name with Absolute Path                                                                                                                                    ; Library ;
+----------------------------------+-----------------+------------------------------------+-----------------------------------------------------------------------------------------------------------------------------------------------------------------+---------+
; enARdFF_2.vhd                    ; yes             ; User VHDL File                     ; H:/lab3Ceg3155/enARdFF_2.vhd                                                                                                                                    ;         ;
; fsm_controller.vhd               ; yes             ; User VHDL File                     ; H:/lab3Ceg3155/fsm_controller.vhd                                                                                                                               ;         ;
; fourBitComparator.vhd            ; yes             ; User VHDL File                     ; H:/lab3Ceg3155/fourBitComparator.vhd                                                                                                                            ;         ;
; fourBitRegister_LoadHoldDec.vhd  ; yes             ; User VHDL File                     ; H:/lab3Ceg3155/fourBitRegister_LoadHoldDec.vhd                                                                                                                  ;         ;
; Mux2_1.vhd                       ; yes             ; User VHDL File                     ; H:/lab3Ceg3155/Mux2_1.vhd                                                                                                                                       ;         ;
; fourBitRegister_Counter.vhd      ; yes             ; User VHDL File                     ; H:/lab3Ceg3155/fourBitRegister_Counter.vhd                                                                                                                      ;         ;
; Mux4_1.vhd                       ; yes             ; User VHDL File                     ; H:/lab3Ceg3155/Mux4_1.vhd                                                                                                                                       ;         ;
; debouncer_2.vhd                  ; yes             ; User VHDL File                     ; H:/lab3Ceg3155/debouncer_2.vhd                                                                                                                                  ;         ;
; oneBitComparator.vhd             ; yes             ; User VHDL File                     ; H:/lab3Ceg3155/oneBitComparator.vhd                                                                                                                             ;         ;
; fourBitRegister.vhd              ; yes             ; User VHDL File                     ; H:/lab3Ceg3155/fourBitRegister.vhd                                                                                                                              ;         ;
; RisingEdge_Detector.vhd          ; yes             ; User VHDL File                     ; H:/lab3Ceg3155/RisingEdge_Detector.vhd                                                                                                                          ;         ;
; trafficLightController.bdf       ; yes             ; User Block Diagram/Schematic File  ; H:/lab3Ceg3155/trafficLightController.bdf                                                                                                                       ;         ;
; lpm_constant0.vhd                ; yes             ; User Wizard-Generated File         ; H:/lab3Ceg3155/lpm_constant0.vhd                                                                                                                                ;         ;
; lpm_constant1.vhd                ; yes             ; User Wizard-Generated File         ; H:/lab3Ceg3155/lpm_constant1.vhd                                                                                                                                ;         ;
; Mux2_1_4bit.vhd                  ; yes             ; User VHDL File                     ; H:/lab3Ceg3155/Mux2_1_4bit.vhd                                                                                                                                  ;         ;
; dec_7seg.vhd                     ; yes             ; User VHDL File                     ; H:/lab3Ceg3155/dec_7seg.vhd                                                                                                                                     ;         ;
; lpm_constant.tdf                 ; yes             ; Megafunction                       ; c:/programdata/app-v/42a7790a-e852-4fd0-a846-61fbcbd0279a/f6001447-9727-4074-b939-1c3d5bbc9b4c/root/quartus_ii/quartus/libraries/megafunctions/lpm_constant.tdf ;         ;
+----------------------------------+-----------------+------------------------------------+-----------------------------------------------------------------------------------------------------------------------------------------------------------------+---------+


+-----------------------------------------------------------+
; Analysis & Synthesis Resource Usage Summary               ;
+---------------------------------------------+-------------+
; Resource                                    ; Usage       ;
+---------------------------------------------+-------------+
; Estimated Total logic elements              ; 55          ;
;                                             ;             ;
; Total combinational functions               ; 47          ;
; Logic element usage by number of LUT inputs ;             ;
;     -- 4 input functions                    ; 35          ;
;     -- 3 input functions                    ; 8           ;
;     -- <=2 input functions                  ; 4           ;
;                                             ;             ;
; Logic elements by mode                      ;             ;
;     -- normal mode                          ; 47          ;
;     -- arithmetic mode                      ; 0           ;
;                                             ;             ;
; Total registers                             ; 24          ;
;     -- Dedicated logic registers            ; 24          ;
;     -- I/O registers                        ; 0           ;
;                                             ;             ;
; I/O pins                                    ; 24          ;
; Embedded Multiplier 9-bit elements          ; 0           ;
; Maximum fan-out node                        ; Clock~input ;
; Maximum fan-out                             ; 24          ;
; Total fan-out                               ; 281         ;
; Average fan-out                             ; 2.36        ;
+---------------------------------------------+-------------+


+----------------------------------------------------------------------------------------------------------------------------------------------------------------------------------------------------------------------------------------------------------------+
; Analysis & Synthesis Resource Utilization by Entity                                                                                                                                                                                                            ;
+-----------------------------------------+-------------------+--------------+-------------+--------------+---------+-----------+------+--------------+-------------------------------------------------------------------------------------------+--------------+
; Compilation Hierarchy Node              ; LC Combinationals ; LC Registers ; Memory Bits ; DSP Elements ; DSP 9x9 ; DSP 18x18 ; Pins ; Virtual Pins ; Full Hierarchy Name                                                                       ; Library Name ;
+-----------------------------------------+-------------------+--------------+-------------+--------------+---------+-----------+------+--------------+-------------------------------------------------------------------------------------------+--------------+
; |trafficLightController                 ; 47 (1)            ; 24 (0)       ; 0           ; 0            ; 0       ; 0         ; 24   ; 0            ; |trafficLightController                                                                   ; work         ;
;    |RisingEdge_Detector:inst19|         ; 0 (0)             ; 1 (0)        ; 0           ; 0            ; 0       ; 0         ; 0    ; 0            ; |trafficLightController|RisingEdge_Detector:inst19                                        ; work         ;
;       |enARdFF_2:EdgeFF|                ; 0 (0)             ; 1 (1)        ; 0           ; 0            ; 0       ; 0         ; 0    ; 0            ; |trafficLightController|RisingEdge_Detector:inst19|enARdFF_2:EdgeFF                       ; work         ;
;    |RisingEdge_Detector:inst21|         ; 7 (7)             ; 1 (0)        ; 0           ; 0            ; 0       ; 0         ; 0    ; 0            ; |trafficLightController|RisingEdge_Detector:inst21                                        ; work         ;
;       |enARdFF_2:EdgeFF|                ; 0 (0)             ; 1 (1)        ; 0           ; 0            ; 0       ; 0         ; 0    ; 0            ; |trafficLightController|RisingEdge_Detector:inst21|enARdFF_2:EdgeFF                       ; work         ;
;    |debouncer_2:inst3|                  ; 2 (2)             ; 2 (0)        ; 0           ; 0            ; 0       ; 0         ; 0    ; 0            ; |trafficLightController|debouncer_2:inst3                                                 ; work         ;
;       |enARdFF_2:first|                 ; 0 (0)             ; 1 (1)        ; 0           ; 0            ; 0       ; 0         ; 0    ; 0            ; |trafficLightController|debouncer_2:inst3|enARdFF_2:first                                 ; work         ;
;       |enARdFF_2:second|                ; 0 (0)             ; 1 (1)        ; 0           ; 0            ; 0       ; 0         ; 0    ; 0            ; |trafficLightController|debouncer_2:inst3|enARdFF_2:second                                ; work         ;
;    |dec_7seg:tens|                      ; 7 (7)             ; 0 (0)        ; 0           ; 0            ; 0       ; 0         ; 0    ; 0            ; |trafficLightController|dec_7seg:tens                                                     ; work         ;
;    |fourBitRegister:MSC_max|            ; 0 (0)             ; 4 (0)        ; 0           ; 0            ; 0       ; 0         ; 0    ; 0            ; |trafficLightController|fourBitRegister:MSC_max                                           ; work         ;
;       |enARdFF_2:lsb|                   ; 0 (0)             ; 1 (1)        ; 0           ; 0            ; 0       ; 0         ; 0    ; 0            ; |trafficLightController|fourBitRegister:MSC_max|enARdFF_2:lsb                             ; work         ;
;       |enARdFF_2:msb|                   ; 0 (0)             ; 1 (1)        ; 0           ; 0            ; 0       ; 0         ; 0    ; 0            ; |trafficLightController|fourBitRegister:MSC_max|enARdFF_2:msb                             ; work         ;
;       |enARdFF_2:ssb|                   ; 0 (0)             ; 1 (1)        ; 0           ; 0            ; 0       ; 0         ; 0    ; 0            ; |trafficLightController|fourBitRegister:MSC_max|enARdFF_2:ssb                             ; work         ;
;       |enARdFF_2:tsb|                   ; 0 (0)             ; 1 (1)        ; 0           ; 0            ; 0       ; 0         ; 0    ; 0            ; |trafficLightController|fourBitRegister:MSC_max|enARdFF_2:tsb                             ; work         ;
;    |fourBitRegister:SSC_max|            ; 0 (0)             ; 4 (0)        ; 0           ; 0            ; 0       ; 0         ; 0    ; 0            ; |trafficLightController|fourBitRegister:SSC_max                                           ; work         ;
;       |enARdFF_2:lsb|                   ; 0 (0)             ; 1 (1)        ; 0           ; 0            ; 0       ; 0         ; 0    ; 0            ; |trafficLightController|fourBitRegister:SSC_max|enARdFF_2:lsb                             ; work         ;
;       |enARdFF_2:msb|                   ; 0 (0)             ; 1 (1)        ; 0           ; 0            ; 0       ; 0         ; 0    ; 0            ; |trafficLightController|fourBitRegister:SSC_max|enARdFF_2:msb                             ; work         ;
;       |enARdFF_2:ssb|                   ; 0 (0)             ; 1 (1)        ; 0           ; 0            ; 0       ; 0         ; 0    ; 0            ; |trafficLightController|fourBitRegister:SSC_max|enARdFF_2:ssb                             ; work         ;
;       |enARdFF_2:tsb|                   ; 0 (0)             ; 1 (1)        ; 0           ; 0            ; 0       ; 0         ; 0    ; 0            ; |trafficLightController|fourBitRegister:SSC_max|enARdFF_2:tsb                             ; work         ;
;    |fourBitRegister_Counter:MS_Counter| ; 8 (2)             ; 0 (0)        ; 0           ; 0            ; 0       ; 0         ; 0    ; 0            ; |trafficLightController|fourBitRegister_Counter:MS_Counter                                ; work         ;
;       |Mux4_1:bit0MUX|                  ; 3 (0)             ; 0 (0)        ; 0           ; 0            ; 0       ; 0         ; 0    ; 0            ; |trafficLightController|fourBitRegister_Counter:MS_Counter|Mux4_1:bit0MUX                 ; work         ;
;          |Mux2_1:Mux2_1_3|              ; 3 (3)             ; 0 (0)        ; 0           ; 0            ; 0       ; 0         ; 0    ; 0            ; |trafficLightController|fourBitRegister_Counter:MS_Counter|Mux4_1:bit0MUX|Mux2_1:Mux2_1_3 ; work         ;
;       |Mux4_1:bit1MUX|                  ; 1 (0)             ; 0 (0)        ; 0           ; 0            ; 0       ; 0         ; 0    ; 0            ; |trafficLightController|fourBitRegister_Counter:MS_Counter|Mux4_1:bit1MUX                 ; work         ;
;          |Mux2_1:Mux2_1_3|              ; 1 (1)             ; 0 (0)        ; 0           ; 0            ; 0       ; 0         ; 0    ; 0            ; |trafficLightController|fourBitRegister_Counter:MS_Counter|Mux4_1:bit1MUX|Mux2_1:Mux2_1_3 ; work         ;
;       |Mux4_1:bit2MUX|                  ; 1 (0)             ; 0 (0)        ; 0           ; 0            ; 0       ; 0         ; 0    ; 0            ; |trafficLightController|fourBitRegister_Counter:MS_Counter|Mux4_1:bit2MUX                 ; work         ;
;          |Mux2_1:Mux2_1_3|              ; 1 (1)             ; 0 (0)        ; 0           ; 0            ; 0       ; 0         ; 0    ; 0            ; |trafficLightController|fourBitRegister_Counter:MS_Counter|Mux4_1:bit2MUX|Mux2_1:Mux2_1_3 ; work         ;
;       |Mux4_1:bit3MUX|                  ; 1 (0)             ; 0 (0)        ; 0           ; 0            ; 0       ; 0         ; 0    ; 0            ; |trafficLightController|fourBitRegister_Counter:MS_Counter|Mux4_1:bit3MUX                 ; work         ;
;          |Mux2_1:Mux2_1_3|              ; 1 (1)             ; 0 (0)        ; 0           ; 0            ; 0       ; 0         ; 0    ; 0            ; |trafficLightController|fourBitRegister_Counter:MS_Counter|Mux4_1:bit3MUX|Mux2_1:Mux2_1_3 ; work         ;
;    |fourBitRegister_Counter:SS_Counter| ; 0 (0)             ; 4 (0)        ; 0           ; 0            ; 0       ; 0         ; 0    ; 0            ; |trafficLightController|fourBitRegister_Counter:SS_Counter                                ; work         ;
;       |enARdFF_2:bit0FF|                ; 0 (0)             ; 1 (1)        ; 0           ; 0            ; 0       ; 0         ; 0    ; 0            ; |trafficLightController|fourBitRegister_Counter:SS_Counter|enARdFF_2:bit0FF               ; work         ;
;       |enARdFF_2:bit1FF|                ; 0 (0)             ; 1 (1)        ; 0           ; 0            ; 0       ; 0         ; 0    ; 0            ; |trafficLightController|fourBitRegister_Counter:SS_Counter|enARdFF_2:bit1FF               ; work         ;
;       |enARdFF_2:bit2FF|                ; 0 (0)             ; 1 (1)        ; 0           ; 0            ; 0       ; 0         ; 0    ; 0            ; |trafficLightController|fourBitRegister_Counter:SS_Counter|enARdFF_2:bit2FF               ; work         ;
;       |enARdFF_2:bit3FF|                ; 0 (0)             ; 1 (1)        ; 0           ; 0            ; 0       ; 0         ; 0    ; 0            ; |trafficLightController|fourBitRegister_Counter:SS_Counter|enARdFF_2:bit3FF               ; work         ;
;    |fourBitRegister_LoadHoldDec:Timer|  ; 8 (2)             ; 4 (0)        ; 0           ; 0            ; 0       ; 0         ; 0    ; 0            ; |trafficLightController|fourBitRegister_LoadHoldDec:Timer                                 ; work         ;
;       |Mux4_1:bit0MUX|                  ; 2 (0)             ; 0 (0)        ; 0           ; 0            ; 0       ; 0         ; 0    ; 0            ; |trafficLightController|fourBitRegister_LoadHoldDec:Timer|Mux4_1:bit0MUX                  ; work         ;
;          |Mux2_1:Mux2_1_3|              ; 2 (2)             ; 0 (0)        ; 0           ; 0            ; 0       ; 0         ; 0    ; 0            ; |trafficLightController|fourBitRegister_LoadHoldDec:Timer|Mux4_1:bit0MUX|Mux2_1:Mux2_1_3  ; work         ;
;       |Mux4_1:bit1MUX|                  ; 1 (0)             ; 0 (0)        ; 0           ; 0            ; 0       ; 0         ; 0    ; 0            ; |trafficLightController|fourBitRegister_LoadHoldDec:Timer|Mux4_1:bit1MUX                  ; work         ;
;          |Mux2_1:Mux2_1_3|              ; 1 (1)             ; 0 (0)        ; 0           ; 0            ; 0       ; 0         ; 0    ; 0            ; |trafficLightController|fourBitRegister_LoadHoldDec:Timer|Mux4_1:bit1MUX|Mux2_1:Mux2_1_3  ; work         ;
;       |Mux4_1:bit2MUX|                  ; 2 (0)             ; 0 (0)        ; 0           ; 0            ; 0       ; 0         ; 0    ; 0            ; |trafficLightController|fourBitRegister_LoadHoldDec:Timer|Mux4_1:bit2MUX                  ; work         ;
;          |Mux2_1:Mux2_1_3|              ; 2 (2)             ; 0 (0)        ; 0           ; 0            ; 0       ; 0         ; 0    ; 0            ; |trafficLightController|fourBitRegister_LoadHoldDec:Timer|Mux4_1:bit2MUX|Mux2_1:Mux2_1_3  ; work         ;
;       |Mux4_1:bit3MUX|                  ; 1 (0)             ; 0 (0)        ; 0           ; 0            ; 0       ; 0         ; 0    ; 0            ; |trafficLightController|fourBitRegister_LoadHoldDec:Timer|Mux4_1:bit3MUX                  ; work         ;
;          |Mux2_1:Mux2_1_3|              ; 1 (1)             ; 0 (0)        ; 0           ; 0            ; 0       ; 0         ; 0    ; 0            ; |trafficLightController|fourBitRegister_LoadHoldDec:Timer|Mux4_1:bit3MUX|Mux2_1:Mux2_1_3  ; work         ;
;       |enARdFF_2:bit0FF|                ; 0 (0)             ; 1 (1)        ; 0           ; 0            ; 0       ; 0         ; 0    ; 0            ; |trafficLightController|fourBitRegister_LoadHoldDec:Timer|enARdFF_2:bit0FF                ; work         ;
;       |enARdFF_2:bit1FF|                ; 0 (0)             ; 1 (1)        ; 0           ; 0            ; 0       ; 0         ; 0    ; 0            ; |trafficLightController|fourBitRegister_LoadHoldDec:Timer|enARdFF_2:bit1FF                ; work         ;
;       |enARdFF_2:bit2FF|                ; 0 (0)             ; 1 (1)        ; 0           ; 0            ; 0       ; 0         ; 0    ; 0            ; |trafficLightController|fourBitRegister_LoadHoldDec:Timer|enARdFF_2:bit2FF                ; work         ;
;       |enARdFF_2:bit3FF|                ; 0 (0)             ; 1 (1)        ; 0           ; 0            ; 0       ; 0         ; 0    ; 0            ; |trafficLightController|fourBitRegister_LoadHoldDec:Timer|enARdFF_2:bit3FF                ; work         ;
;    |fsm_controller:inst|                ; 14 (14)           ; 4 (0)        ; 0           ; 0            ; 0       ; 0         ; 0    ; 0            ; |trafficLightController|fsm_controller:inst                                               ; work         ;
;       |enARdFF_2:S0_Q|                  ; 0 (0)             ; 1 (1)        ; 0           ; 0            ; 0       ; 0         ; 0    ; 0            ; |trafficLightController|fsm_controller:inst|enARdFF_2:S0_Q                                ; work         ;
;       |enARdFF_2:S1_Q|                  ; 0 (0)             ; 1 (1)        ; 0           ; 0            ; 0       ; 0         ; 0    ; 0            ; |trafficLightController|fsm_controller:inst|enARdFF_2:S1_Q                                ; work         ;
;       |enARdFF_2:S2_Q|                  ; 0 (0)             ; 1 (1)        ; 0           ; 0            ; 0       ; 0         ; 0    ; 0            ; |trafficLightController|fsm_controller:inst|enARdFF_2:S2_Q                                ; work         ;
;       |enARdFF_2:S3_Q|                  ; 0 (0)             ; 1 (1)        ; 0           ; 0            ; 0       ; 0         ; 0    ; 0            ; |trafficLightController|fsm_controller:inst|enARdFF_2:S3_Q                                ; work         ;
+-----------------------------------------+-------------------+--------------+-------------+--------------+---------+-----------+------+--------------+-------------------------------------------------------------------------------------------+--------------+
Note: For table entries with two numbers listed, the numbers in parentheses indicate the number of resources of the given type used by the specific entity alone. The numbers listed outside of parentheses indicate the total resources of the given type used by the specific entity and all of its sub-entities in the hierarchy.


+-------------------------------------------------------------------------------------------------------------------------------------------------+
; Analysis & Synthesis IP Cores Summary                                                                                                           ;
+--------+--------------+---------+--------------+--------------+----------------------------------------------+----------------------------------+
; Vendor ; IP Core Name ; Version ; Release Date ; License Type ; Entity Instance                              ; IP Include File                  ;
+--------+--------------+---------+--------------+--------------+----------------------------------------------+----------------------------------+
; Altera ; LPM_CONSTANT ; N/A     ; N/A          ; N/A          ; |trafficLightController|lpm_constant0:inst18 ; H:/lab3Ceg3155/lpm_constant0.vhd ;
; Altera ; LPM_CONSTANT ; N/A     ; N/A          ; N/A          ; |trafficLightController|lpm_constant1:inst26 ; H:/lab3Ceg3155/lpm_constant1.vhd ;
+--------+--------------+---------+--------------+--------------+----------------------------------------------+----------------------------------+


+-----------------------------------------------------------------------------------------------------------------------------------+
; Registers Removed During Synthesis                                                                                                ;
+-----------------------------------------------------------+-----------------------------------------------------------------------+
; Register name                                             ; Reason for Removal                                                    ;
+-----------------------------------------------------------+-----------------------------------------------------------------------+
; fourBitRegister_Counter:MS_Counter|enARdFF_2:bit0FF|int_q ; Merged with fourBitRegister_Counter:SS_Counter|enARdFF_2:bit0FF|int_q ;
; fourBitRegister_Counter:MS_Counter|enARdFF_2:bit1FF|int_q ; Merged with fourBitRegister_Counter:SS_Counter|enARdFF_2:bit1FF|int_q ;
; fourBitRegister_Counter:MS_Counter|enARdFF_2:bit2FF|int_q ; Merged with fourBitRegister_Counter:SS_Counter|enARdFF_2:bit2FF|int_q ;
; fourBitRegister_Counter:MS_Counter|enARdFF_2:bit3FF|int_q ; Merged with fourBitRegister_Counter:SS_Counter|enARdFF_2:bit3FF|int_q ;
; Total Number of Removed Registers = 4                     ;                                                                       ;
+-----------------------------------------------------------+-----------------------------------------------------------------------+


+------------------------------------------------------+
; General Register Statistics                          ;
+----------------------------------------------+-------+
; Statistic                                    ; Value ;
+----------------------------------------------+-------+
; Total registers                              ; 24    ;
; Number of registers using Synchronous Clear  ; 0     ;
; Number of registers using Synchronous Load   ; 0     ;
; Number of registers using Asynchronous Clear ; 24    ;
; Number of registers using Asynchronous Load  ; 0     ;
; Number of registers using Clock Enable       ; 0     ;
; Number of registers using Preset             ; 0     ;
+----------------------------------------------+-------+


+-------------------------------------------------------------------------------------------------------+
; Parameter Settings for User Entity Instance: lpm_constant1:inst26|lpm_constant:LPM_CONSTANT_component ;
+--------------------+------------------+---------------------------------------------------------------+
; Parameter Name     ; Value            ; Type                                                          ;
+--------------------+------------------+---------------------------------------------------------------+
; LPM_WIDTH          ; 4                ; Signed Integer                                                ;
; LPM_CVALUE         ; 0                ; Signed Integer                                                ;
; ENABLE_RUNTIME_MOD ; NO               ; Untyped                                                       ;
; CBXI_PARAMETER     ; lpm_constant_6e6 ; Untyped                                                       ;
+--------------------+------------------+---------------------------------------------------------------+
Note: In order to hide this table in the UI and the text report file, please set the "Show Parameter Settings in Synthesis Report" option in "Analysis and Synthesis Settings -> More Settings" to "Off".


+-------------------------------------------------------------------------------------------------------+
; Parameter Settings for User Entity Instance: lpm_constant0:inst18|lpm_constant:LPM_CONSTANT_component ;
+--------------------+------------------+---------------------------------------------------------------+
; Parameter Name     ; Value            ; Type                                                          ;
+--------------------+------------------+---------------------------------------------------------------+
; LPM_WIDTH          ; 4                ; Signed Integer                                                ;
; LPM_CVALUE         ; 15               ; Signed Integer                                                ;
; ENABLE_RUNTIME_MOD ; NO               ; Untyped                                                       ;
; CBXI_PARAMETER     ; lpm_constant_sf6 ; Untyped                                                       ;
+--------------------+------------------+---------------------------------------------------------------+
Note: In order to hide this table in the UI and the text report file, please set the "Show Parameter Settings in Synthesis Report" option in "Analysis and Synthesis Settings -> More Settings" to "Off".


+----------------------------------------------------------------+
; Port Connectivity Checks: "debouncer_2:inst3|enARdFF_2:second" ;
+----------+-------+----------+----------------------------------+
; Port     ; Type  ; Severity ; Details                          ;
+----------+-------+----------+----------------------------------+
; i_enable ; Input ; Info     ; Stuck at VCC                     ;
+----------+-------+----------+----------------------------------+


+--------------------------------------------------------------------------------------------------------------------+
; Port Connectivity Checks: "debouncer_2:inst3|enARdFF_2:first"                                                      ;
+----------+--------+----------+-------------------------------------------------------------------------------------+
; Port     ; Type   ; Severity ; Details                                                                             ;
+----------+--------+----------+-------------------------------------------------------------------------------------+
; i_enable ; Input  ; Info     ; Stuck at VCC                                                                        ;
; o_q      ; Output ; Info     ; Connected to dangling logic. Logic that only feeds a dangling port will be removed. ;
+----------+--------+----------+-------------------------------------------------------------------------------------+


+-----------------------------------------------------------------------------------------------------------------------------------------+
; Port Connectivity Checks: "fourBitRegister_LoadHoldDec:Timer|enARdFF_2:bit0FF"                                                          ;
+----------+--------+----------+----------------------------------------------------------------------------------------------------------+
; Port     ; Type   ; Severity ; Details                                                                                                  ;
+----------+--------+----------+----------------------------------------------------------------------------------------------------------+
; i_enable ; Input  ; Info     ; Stuck at VCC                                                                                             ;
; o_qbar   ; Output ; Warning  ; Declared by entity but not connected by instance. Logic that only feeds a dangling port will be removed. ;
+----------+--------+----------+----------------------------------------------------------------------------------------------------------+


+-----------------------------------------------------------------------------------------------------------------------------------------+
; Port Connectivity Checks: "fourBitRegister_LoadHoldDec:Timer|enARdFF_2:bit1FF"                                                          ;
+----------+--------+----------+----------------------------------------------------------------------------------------------------------+
; Port     ; Type   ; Severity ; Details                                                                                                  ;
+----------+--------+----------+----------------------------------------------------------------------------------------------------------+
; i_enable ; Input  ; Info     ; Stuck at VCC                                                                                             ;
; o_qbar   ; Output ; Warning  ; Declared by entity but not connected by instance. Logic that only feeds a dangling port will be removed. ;
+----------+--------+----------+----------------------------------------------------------------------------------------------------------+


+-----------------------------------------------------------------------------------------------------------------------------------------+
; Port Connectivity Checks: "fourBitRegister_LoadHoldDec:Timer|enARdFF_2:bit2FF"                                                          ;
+----------+--------+----------+----------------------------------------------------------------------------------------------------------+
; Port     ; Type   ; Severity ; Details                                                                                                  ;
+----------+--------+----------+----------------------------------------------------------------------------------------------------------+
; i_enable ; Input  ; Info     ; Stuck at VCC                                                                                             ;
; o_qbar   ; Output ; Warning  ; Declared by entity but not connected by instance. Logic that only feeds a dangling port will be removed. ;
+----------+--------+----------+----------------------------------------------------------------------------------------------------------+


+-----------------------------------------------------------------------------------------------------------------------------------------+
; Port Connectivity Checks: "fourBitRegister_LoadHoldDec:Timer|enARdFF_2:bit3FF"                                                          ;
+----------+--------+----------+----------------------------------------------------------------------------------------------------------+
; Port     ; Type   ; Severity ; Details                                                                                                  ;
+----------+--------+----------+----------------------------------------------------------------------------------------------------------+
; i_enable ; Input  ; Info     ; Stuck at VCC                                                                                             ;
; o_qbar   ; Output ; Warning  ; Declared by entity but not connected by instance. Logic that only feeds a dangling port will be removed. ;
+----------+--------+----------+----------------------------------------------------------------------------------------------------------+


+---------------------------------------------------------------------------------------------------------------------------------------+
; Port Connectivity Checks: "fourBitRegister:MSC_max|enARdFF_2:lsb"                                                                     ;
+--------+--------+----------+----------------------------------------------------------------------------------------------------------+
; Port   ; Type   ; Severity ; Details                                                                                                  ;
+--------+--------+----------+----------------------------------------------------------------------------------------------------------+
; o_qbar ; Output ; Warning  ; Declared by entity but not connected by instance. Logic that only feeds a dangling port will be removed. ;
+--------+--------+----------+----------------------------------------------------------------------------------------------------------+


+---------------------------------------------------------------------------------------------------------------------------------------+
; Port Connectivity Checks: "fourBitRegister:MSC_max|enARdFF_2:tsb"                                                                     ;
+--------+--------+----------+----------------------------------------------------------------------------------------------------------+
; Port   ; Type   ; Severity ; Details                                                                                                  ;
+--------+--------+----------+----------------------------------------------------------------------------------------------------------+
; o_qbar ; Output ; Warning  ; Declared by entity but not connected by instance. Logic that only feeds a dangling port will be removed. ;
+--------+--------+----------+----------------------------------------------------------------------------------------------------------+


+---------------------------------------------------------------------------------------------------------------------------------------+
; Port Connectivity Checks: "fourBitRegister:MSC_max|enARdFF_2:ssb"                                                                     ;
+--------+--------+----------+----------------------------------------------------------------------------------------------------------+
; Port   ; Type   ; Severity ; Details                                                                                                  ;
+--------+--------+----------+----------------------------------------------------------------------------------------------------------+
; o_qbar ; Output ; Warning  ; Declared by entity but not connected by instance. Logic that only feeds a dangling port will be removed. ;
+--------+--------+----------+----------------------------------------------------------------------------------------------------------+


+---------------------------------------------------------------------------------------------------------------------------------------+
; Port Connectivity Checks: "fourBitRegister:MSC_max|enARdFF_2:msb"                                                                     ;
+--------+--------+----------+----------------------------------------------------------------------------------------------------------+
; Port   ; Type   ; Severity ; Details                                                                                                  ;
+--------+--------+----------+----------------------------------------------------------------------------------------------------------+
; o_qbar ; Output ; Warning  ; Declared by entity but not connected by instance. Logic that only feeds a dangling port will be removed. ;
+--------+--------+----------+----------------------------------------------------------------------------------------------------------+


+-----------------------------------------------------------------------------------------------------------------------------------------+
; Port Connectivity Checks: "fourBitRegister_Counter:MS_Counter|enARdFF_2:bit0FF"                                                         ;
+----------+--------+----------+----------------------------------------------------------------------------------------------------------+
; Port     ; Type   ; Severity ; Details                                                                                                  ;
+----------+--------+----------+----------------------------------------------------------------------------------------------------------+
; i_enable ; Input  ; Info     ; Stuck at VCC                                                                                             ;
; o_qbar   ; Output ; Warning  ; Declared by entity but not connected by instance. Logic that only feeds a dangling port will be removed. ;
+----------+--------+----------+----------------------------------------------------------------------------------------------------------+


+-----------------------------------------------------------------------------------------------------------------------------------------+
; Port Connectivity Checks: "fourBitRegister_Counter:MS_Counter|enARdFF_2:bit1FF"                                                         ;
+----------+--------+----------+----------------------------------------------------------------------------------------------------------+
; Port     ; Type   ; Severity ; Details                                                                                                  ;
+----------+--------+----------+----------------------------------------------------------------------------------------------------------+
; i_enable ; Input  ; Info     ; Stuck at VCC                                                                                             ;
; o_qbar   ; Output ; Warning  ; Declared by entity but not connected by instance. Logic that only feeds a dangling port will be removed. ;
+----------+--------+----------+----------------------------------------------------------------------------------------------------------+


+-----------------------------------------------------------------------------------------------------------------------------------------+
; Port Connectivity Checks: "fourBitRegister_Counter:MS_Counter|enARdFF_2:bit2FF"                                                         ;
+----------+--------+----------+----------------------------------------------------------------------------------------------------------+
; Port     ; Type   ; Severity ; Details                                                                                                  ;
+----------+--------+----------+----------------------------------------------------------------------------------------------------------+
; i_enable ; Input  ; Info     ; Stuck at VCC                                                                                             ;
; o_qbar   ; Output ; Warning  ; Declared by entity but not connected by instance. Logic that only feeds a dangling port will be removed. ;
+----------+--------+----------+----------------------------------------------------------------------------------------------------------+


+-----------------------------------------------------------------------------------------------------------------------------------------+
; Port Connectivity Checks: "fourBitRegister_Counter:MS_Counter|enARdFF_2:bit3FF"                                                         ;
+----------+--------+----------+----------------------------------------------------------------------------------------------------------+
; Port     ; Type   ; Severity ; Details                                                                                                  ;
+----------+--------+----------+----------------------------------------------------------------------------------------------------------+
; i_enable ; Input  ; Info     ; Stuck at VCC                                                                                             ;
; o_qbar   ; Output ; Warning  ; Declared by entity but not connected by instance. Logic that only feeds a dangling port will be removed. ;
+----------+--------+----------+----------------------------------------------------------------------------------------------------------+


+-----------------------------------------------------------------------------+
; Port Connectivity Checks: "fourBitComparator:inst13|oneBitComparator:comp3" ;
+--------------+-------+----------+-------------------------------------------+
; Port         ; Type  ; Severity ; Details                                   ;
+--------------+-------+----------+-------------------------------------------+
; i_gtprevious ; Input ; Info     ; Stuck at GND                              ;
; i_ltprevious ; Input ; Info     ; Stuck at GND                              ;
+--------------+-------+----------+-------------------------------------------+


+--------------------------------------------------------------------------------------------------------------------+
; Port Connectivity Checks: "RisingEdge_Detector:inst21|enARdFF_2:EdgeFF"                                            ;
+----------+--------+----------+-------------------------------------------------------------------------------------+
; Port     ; Type   ; Severity ; Details                                                                             ;
+----------+--------+----------+-------------------------------------------------------------------------------------+
; i_enable ; Input  ; Info     ; Stuck at VCC                                                                        ;
; o_q      ; Output ; Info     ; Connected to dangling logic. Logic that only feeds a dangling port will be removed. ;
+----------+--------+----------+-------------------------------------------------------------------------------------+


+--------------------------------------------------------------------------------------------------------------------+
; Port Connectivity Checks: "fsm_controller:inst|enARdFF_2:S3_Q"                                                     ;
+----------+--------+----------+-------------------------------------------------------------------------------------+
; Port     ; Type   ; Severity ; Details                                                                             ;
+----------+--------+----------+-------------------------------------------------------------------------------------+
; i_enable ; Input  ; Info     ; Stuck at VCC                                                                        ;
; o_qbar   ; Output ; Info     ; Connected to dangling logic. Logic that only feeds a dangling port will be removed. ;
+----------+--------+----------+-------------------------------------------------------------------------------------+


+--------------------------------------------------------------------------------------------------------------------+
; Port Connectivity Checks: "fsm_controller:inst|enARdFF_2:S2_Q"                                                     ;
+----------+--------+----------+-------------------------------------------------------------------------------------+
; Port     ; Type   ; Severity ; Details                                                                             ;
+----------+--------+----------+-------------------------------------------------------------------------------------+
; i_enable ; Input  ; Info     ; Stuck at VCC                                                                        ;
; o_qbar   ; Output ; Info     ; Connected to dangling logic. Logic that only feeds a dangling port will be removed. ;
+----------+--------+----------+-------------------------------------------------------------------------------------+


+--------------------------------------------------------------------------------------------------------------------+
; Port Connectivity Checks: "fsm_controller:inst|enARdFF_2:S1_Q"                                                     ;
+----------+--------+----------+-------------------------------------------------------------------------------------+
; Port     ; Type   ; Severity ; Details                                                                             ;
+----------+--------+----------+-------------------------------------------------------------------------------------+
; i_enable ; Input  ; Info     ; Stuck at VCC                                                                        ;
; o_qbar   ; Output ; Info     ; Connected to dangling logic. Logic that only feeds a dangling port will be removed. ;
+----------+--------+----------+-------------------------------------------------------------------------------------+


+--------------------------------------------------------------------------------------------------------------------+
; Port Connectivity Checks: "fsm_controller:inst|enARdFF_2:S0_Q"                                                     ;
+----------+--------+----------+-------------------------------------------------------------------------------------+
; Port     ; Type   ; Severity ; Details                                                                             ;
+----------+--------+----------+-------------------------------------------------------------------------------------+
; i_enable ; Input  ; Info     ; Stuck at VCC                                                                        ;
; o_qbar   ; Output ; Info     ; Connected to dangling logic. Logic that only feeds a dangling port will be removed. ;
+----------+--------+----------+-------------------------------------------------------------------------------------+


+-------------------------------+
; Elapsed Time Per Partition    ;
+----------------+--------------+
; Partition Name ; Elapsed Time ;
+----------------+--------------+
; Top            ; 00:00:01     ;
+----------------+--------------+


+-------------------------------+
; Analysis & Synthesis Messages ;
+-------------------------------+
Info: *******************************************************************
Info: Running Quartus II 64-Bit Analysis & Synthesis
    Info: Version 13.0.1 Build 232 06/12/2013 Service Pack 1 SJ Web Edition
    Info: Processing started: Thu Nov 06 21:20:36 2025
Info: Command: quartus_map --read_settings_files=on --write_settings_files=off lab3 -c lab3
Warning (20028): Parallel compilation is not licensed and has been disabled
Info (12021): Found 1 design units, including 1 entities, in source file fsmcontroller.bdf
    Info (12023): Found entity 1: FSMController
Info (12021): Found 2 design units, including 1 entities, in source file enardff_2.vhd
    Info (12022): Found design unit 1: enARdFF_2-rtl
    Info (12023): Found entity 1: enARdFF_2
Info (12021): Found 2 design units, including 1 entities, in source file fsm_controller.vhd
    Info (12022): Found design unit 1: fsm_controller-rtl
    Info (12023): Found entity 1: fsm_controller
Info (12021): Found 2 design units, including 1 entities, in source file fourbitcomparator.vhd
    Info (12022): Found design unit 1: fourBitComparator-rtl
    Info (12023): Found entity 1: fourBitComparator
Info (12021): Found 2 design units, including 1 entities, in source file threebitregister.vhd
    Info (12022): Found design unit 1: ThreeBitRegister-rtl
    Info (12023): Found entity 1: ThreeBitRegister
Info (12021): Found 2 design units, including 1 entities, in source file fourbitregister_loadholddec.vhd
    Info (12022): Found design unit 1: fourBitRegister_LoadHoldDec-rtl
    Info (12023): Found entity 1: fourBitRegister_LoadHoldDec
Info (12021): Found 2 design units, including 1 entities, in source file mux2_1.vhd
    Info (12022): Found design unit 1: Mux2_1-rtl
    Info (12023): Found entity 1: Mux2_1
Info (12021): Found 2 design units, including 1 entities, in source file debouncer.vhd
    Info (12022): Found design unit 1: debouncer-fsm
    Info (12023): Found entity 1: debouncer
Info (12021): Found 2 design units, including 1 entities, in source file fourbitregister_counter.vhd
    Info (12022): Found design unit 1: fourBitRegister_Counter-rtl
    Info (12023): Found entity 1: fourBitRegister_Counter
Info (12021): Found 2 design units, including 1 entities, in source file mux4_1.vhd
    Info (12022): Found design unit 1: Mux4_1-rtl
    Info (12023): Found entity 1: Mux4_1
Info (12021): Found 2 design units, including 1 entities, in source file debouncer_2.vhd
    Info (12022): Found design unit 1: debouncer_2-rtl
    Info (12023): Found entity 1: debouncer_2
Info (12021): Found 2 design units, including 1 entities, in source file onebitcomparator.vhd
    Info (12022): Found design unit 1: oneBitComparator-rtl
    Info (12023): Found entity 1: oneBitComparator
Info (12021): Found 2 design units, including 1 entities, in source file clk_div.vhd
    Info (12022): Found design unit 1: clk_div-a
    Info (12023): Found entity 1: clk_div
Info (12021): Found 2 design units, including 1 entities, in source file fourbitregister.vhd
    Info (12022): Found design unit 1: fourBitRegister-rtl
    Info (12023): Found entity 1: fourBitRegister
Info (12021): Found 2 design units, including 1 entities, in source file risingedge_detector.vhd
    Info (12022): Found design unit 1: RisingEdge_Detector-rtl
    Info (12023): Found entity 1: RisingEdge_Detector
Info (12021): Found 1 design units, including 1 entities, in source file trafficlightcontroller.bdf
    Info (12023): Found entity 1: trafficLightController
Info (12021): Found 2 design units, including 1 entities, in source file lpm_constant0.vhd
    Info (12022): Found design unit 1: lpm_constant0-SYN
    Info (12023): Found entity 1: lpm_constant0
Info (12021): Found 2 design units, including 1 entities, in source file lpm_constant1.vhd
    Info (12022): Found design unit 1: lpm_constant1-SYN
    Info (12023): Found entity 1: lpm_constant1
Info (12021): Found 2 design units, including 1 entities, in source file mux2_1_4bit.vhd
    Info (12022): Found design unit 1: Mux2_1_4bit-rtl
    Info (12023): Found entity 1: Mux2_1_4bit
Info (12021): Found 1 design units, including 1 entities, in source file topentity.bdf
    Info (12023): Found entity 1: TopEntity
Info (12021): Found 1 design units, including 1 entities, in source file debugging.bdf
    Info (12023): Found entity 1: debugging
Info (12021): Found 2 design units, including 1 entities, in source file dec_7seg.vhd
    Info (12022): Found design unit 1: dec_7seg-rtl
    Info (12023): Found entity 1: dec_7seg
Info (12021): Found 2 design units, including 1 entities, in source file lpm_constant2.vhd
    Info (12022): Found design unit 1: lpm_constant2-SYN
    Info (12023): Found entity 1: lpm_constant2
Info (12021): Found 2 design units, including 1 entities, in source file lpm_constant3.vhd
    Info (12022): Found design unit 1: lpm_constant3-SYN
    Info (12023): Found entity 1: lpm_constant3
Info (12127): Elaborating entity "trafficLightController" for the top level hierarchy
Warning (275011): Block or symbol "AND2" of instance "inst16" overlaps another block or symbol
Info (12128): Elaborating entity "dec_7seg" for hierarchy "dec_7seg:tens"
Info (12128): Elaborating entity "Mux2_1_4bit" for hierarchy "Mux2_1_4bit:inst4"
Info (12128): Elaborating entity "fsm_controller" for hierarchy "fsm_controller:inst"
Info (12128): Elaborating entity "enARdFF_2" for hierarchy "fsm_controller:inst|enARdFF_2:S0_Q"
Info (12128): Elaborating entity "RisingEdge_Detector" for hierarchy "RisingEdge_Detector:inst21"
Warning (10036): Verilog HDL or VHDL warning at RisingEdge_Detector.vhd(14): object "prev_s" assigned a value but never read
Info (12128): Elaborating entity "fourBitComparator" for hierarchy "fourBitComparator:inst13"
Info (12128): Elaborating entity "oneBitComparator" for hierarchy "fourBitComparator:inst13|oneBitComparator:comp3"
Info (12128): Elaborating entity "fourBitRegister_Counter" for hierarchy "fourBitRegister_Counter:MS_Counter"
Info (12128): Elaborating entity "Mux4_1" for hierarchy "fourBitRegister_Counter:MS_Counter|Mux4_1:bit3MUX"
Info (12128): Elaborating entity "Mux2_1" for hierarchy "fourBitRegister_Counter:MS_Counter|Mux4_1:bit3MUX|Mux2_1:Mux2_1_1"
Info (12128): Elaborating entity "lpm_constant1" for hierarchy "lpm_constant1:inst26"
Info (12128): Elaborating entity "lpm_constant" for hierarchy "lpm_constant1:inst26|lpm_constant:LPM_CONSTANT_component"
Info (12130): Elaborated megafunction instantiation "lpm_constant1:inst26|lpm_constant:LPM_CONSTANT_component"
Info (12133): Instantiated megafunction "lpm_constant1:inst26|lpm_constant:LPM_CONSTANT_component" with the following parameter:
    Info (12134): Parameter "lpm_cvalue" = "0"
    Info (12134): Parameter "lpm_hint" = "ENABLE_RUNTIME_MOD=NO"
    Info (12134): Parameter "lpm_type" = "LPM_CONSTANT"
    Info (12134): Parameter "lpm_width" = "4"
Info (12128): Elaborating entity "fourBitRegister" for hierarchy "fourBitRegister:MSC_max"
Info (12128): Elaborating entity "fourBitRegister_LoadHoldDec" for hierarchy "fourBitRegister_LoadHoldDec:Timer"
Info (12128): Elaborating entity "lpm_constant0" for hierarchy "lpm_constant0:inst18"
Info (12128): Elaborating entity "lpm_constant" for hierarchy "lpm_constant0:inst18|lpm_constant:LPM_CONSTANT_component"
Info (12130): Elaborated megafunction instantiation "lpm_constant0:inst18|lpm_constant:LPM_CONSTANT_component"
Info (12133): Instantiated megafunction "lpm_constant0:inst18|lpm_constant:LPM_CONSTANT_component" with the following parameter:
    Info (12134): Parameter "lpm_cvalue" = "15"
    Info (12134): Parameter "lpm_hint" = "ENABLE_RUNTIME_MOD=NO"
    Info (12134): Parameter "lpm_type" = "LPM_CONSTANT"
    Info (12134): Parameter "lpm_width" = "4"
Info (12128): Elaborating entity "debouncer_2" for hierarchy "debouncer_2:inst3"
Warning (10036): Verilog HDL or VHDL warning at debouncer_2.vhd(38): object "int_q1Output" assigned a value but never read
Warning (12241): 12 hierarchies have connectivity warnings - see the Connectivity Checks report folder
Info (286030): Timing-Driven Synthesis is running
Info (16010): Generating hard_block partition "hard_block:auto_generated_inst"
    Info (16011): Adding 0 node(s), including 0 DDIO, 0 PLL, 0 transceiver and 0 LCELL
Info (21057): Implemented 82 device resources after synthesis - the final resource count might be different
    Info (21058): Implemented 11 input pins
    Info (21059): Implemented 13 output pins
    Info (21061): Implemented 58 logic cells
Info: Quartus II 64-Bit Analysis & Synthesis was successful. 0 errors, 5 warnings
    Info: Peak virtual memory: 4702 megabytes
    Info: Processing ended: Thu Nov 06 21:20:51 2025
    Info: Elapsed time: 00:00:15
    Info: Total CPU time (on all processors): 00:00:10


